<?xml version="1.0" encoding="UTF-8"?>
<testng-results skipped="0" failed="0" ignored="0" total="2" passed="2">
  <reporter-output>
  </reporter-output>
  <suite name="Default suite" duration-ms="22660" started-at="2021-12-12T03:55:29Z" finished-at="2021-12-12T03:55:52Z">
    <groups>
    </groups>
    <test name="Default test" duration-ms="22660" started-at="2021-12-12T03:55:29Z" finished-at="2021-12-12T03:55:52Z">
      <class name="qaautomation.november2021.APITestAfterRefactor">
        <test-method status="PASS" signature="login()[pri:0, instance:qaautomation.november2021.APITestAfterRefactor@4a9cc6cb]" name="login" is-config="true" duration-ms="13725" started-at="2021-12-12T03:55:29Z" finished-at="2021-12-12T03:55:43Z">
          <reporter-output>
          </reporter-output>
        </test-method> <!-- login -->
        <test-method status="PASS" signature="configAPI()[pri:0, instance:qaautomation.november2021.APITestAfterRefactor@4a9cc6cb]" name="configAPI" duration-ms="2361" started-at="2021-12-12T03:55:43Z" finished-at="2021-12-12T03:55:46Z">
          <reporter-output>
          </reporter-output>
        </test-method> <!-- configAPI -->
        <test-method status="PASS" signature="login()[pri:0, instance:qaautomation.november2021.APITestAfterRefactor@4a9cc6cb]" name="login" is-config="true" duration-ms="1967" started-at="2021-12-12T03:55:46Z" finished-at="2021-12-12T03:55:48Z">
          <reporter-output>
          </reporter-output>
        </test-method> <!-- login -->
        <test-method status="PASS" signature="dashboardAPI()[pri:0, instance:qaautomation.november2021.APITestAfterRefactor@4a9cc6cb]" name="dashboardAPI" duration-ms="3975" started-at="2021-12-12T03:55:48Z" finished-at="2021-12-12T03:55:52Z">
          <reporter-output>
          </reporter-output>
        </test-method> <!-- dashboardAPI -->
      </class> <!-- qaautomation.november2021.APITestAfterRefactor -->
    </test> <!-- Default test -->
  </suite> <!-- Default suite -->
</testng-results>
